mode: set
couple-home/backend/internal/service/anniversary_service.go:28.88,30.2 1 1
couple-home/backend/internal/service/anniversary_service.go:33.139,35.2 1 0
couple-home/backend/internal/service/anniversary_service.go:38.110,40.16 2 1
couple-home/backend/internal/service/anniversary_service.go:40.16,42.3 1 1
couple-home/backend/internal/service/anniversary_service.go:43.2,43.25 1 1
couple-home/backend/internal/service/anniversary_service.go:47.108,49.47 1 1
couple-home/backend/internal/service/anniversary_service.go:49.47,51.3 1 1
couple-home/backend/internal/service/anniversary_service.go:54.2,54.69 1 1
couple-home/backend/internal/service/anniversary_service.go:54.69,56.3 1 1
couple-home/backend/internal/service/anniversary_service.go:59.2,59.36 1 1
couple-home/backend/internal/service/anniversary_service.go:59.36,61.3 1 1
couple-home/backend/internal/service/anniversary_service.go:63.2,64.51 2 1
couple-home/backend/internal/service/anniversary_service.go:68.108,71.16 2 1
couple-home/backend/internal/service/anniversary_service.go:71.16,73.3 1 0
couple-home/backend/internal/service/anniversary_service.go:76.2,76.47 1 1
couple-home/backend/internal/service/anniversary_service.go:76.47,78.3 1 0
couple-home/backend/internal/service/anniversary_service.go:81.2,81.69 1 1
couple-home/backend/internal/service/anniversary_service.go:81.69,83.3 1 0
couple-home/backend/internal/service/anniversary_service.go:85.2,85.51 1 1
couple-home/backend/internal/service/anniversary_service.go:89.86,92.16 2 1
couple-home/backend/internal/service/anniversary_service.go:92.16,94.3 1 0
couple-home/backend/internal/service/anniversary_service.go:96.2,96.42 1 1
couple-home/backend/internal/service/anniversary_service.go:100.116,101.15 1 1
couple-home/backend/internal/service/anniversary_service.go:101.15,103.3 1 0
couple-home/backend/internal/service/anniversary_service.go:104.2,104.51 1 1
couple-home/backend/internal/service/anniversary_service.go:109.80,112.16 2 1
couple-home/backend/internal/service/anniversary_service.go:112.16,114.3 1 0
couple-home/backend/internal/service/anniversary_service.go:116.2,116.29 1 1
couple-home/backend/internal/service/anniversary_service.go:116.29,118.3 1 0
couple-home/backend/internal/service/anniversary_service.go:121.2,122.36 2 1
couple-home/backend/internal/service/anniversary_service.go:122.36,123.36 1 1
couple-home/backend/internal/service/anniversary_service.go:123.36,125.4 1 0
couple-home/backend/internal/service/anniversary_service.go:129.2,130.18 2 1
couple-home/backend/internal/service/anniversary_service.go:134.113,136.16 2 1
couple-home/backend/internal/service/anniversary_service.go:136.16,138.3 1 0
couple-home/backend/internal/service/anniversary_service.go:140.2,149.56 6 1
couple-home/backend/internal/service/anniversary_service.go:149.56,151.3 1 0
couple-home/backend/internal/service/anniversary_service.go:153.2,168.18 2 1
couple-home/backend/internal/service/anniversary_service.go:172.90,176.26 2 1
couple-home/backend/internal/service/anniversary_service.go:176.26,178.3 1 1
couple-home/backend/internal/service/anniversary_service.go:180.2,180.17 1 1
couple-home/backend/internal/service/anniversary_service.go:184.144,186.2 1 0
couple-home/backend/internal/service/anniversary_service.go:189.74,194.2 1 1
couple-home/backend/internal/service/anniversary_service.go:197.63,198.27 1 0
couple-home/backend/internal/service/anniversary_service.go:198.27,200.3 1 0
couple-home/backend/internal/service/anniversary_service.go:202.2,204.16 3 0
couple-home/backend/internal/service/anniversary_service.go:204.16,207.3 1 0
couple-home/backend/internal/service/anniversary_service.go:208.2,208.26 1 0
couple-home/backend/internal/service/anniversary_service.go:212.61,214.16 2 0
couple-home/backend/internal/service/anniversary_service.go:214.16,216.3 1 0
couple-home/backend/internal/service/anniversary_service.go:217.2,217.26 1 0
couple-home/backend/internal/service/anniversary_service.go:222.44,226.2 3 1
couple-home/backend/internal/service/anniversary_service.go:229.42,233.14 4 1
couple-home/backend/internal/service/anniversary_service.go:233.14,235.3 1 1
couple-home/backend/internal/service/anniversary_service.go:236.2,236.13 1 1
couple-home/backend/internal/service/anniversary_service.go:241.64,251.30 6 1
couple-home/backend/internal/service/anniversary_service.go:251.30,254.3 2 1
couple-home/backend/internal/service/anniversary_service.go:254.8,257.3 2 0
couple-home/backend/internal/service/anniversary_service.go:260.2,264.20 4 1
couple-home/backend/internal/service/anniversary_service.go:264.20,266.3 1 0
couple-home/backend/internal/service/anniversary_service.go:267.2,267.18 1 1
couple-home/backend/internal/service/anniversary_service.go:267.18,269.3 1 0
couple-home/backend/internal/service/anniversary_service.go:271.2,271.17 1 1
couple-home/backend/internal/service/bill_service.go:24.108,29.2 1 0
couple-home/backend/internal/service/bill_service.go:31.79,33.2 1 0
couple-home/backend/internal/service/bill_service.go:35.85,37.2 1 0
couple-home/backend/internal/service/bill_service.go:39.80,43.2 3 0
couple-home/backend/internal/service/bill_service.go:45.80,48.2 2 0
couple-home/backend/internal/service/bill_service.go:50.72,52.2 1 0
couple-home/backend/internal/service/bill_service.go:54.85,56.16 2 0
couple-home/backend/internal/service/bill_service.go:56.16,58.3 1 0
couple-home/backend/internal/service/bill_service.go:60.2,67.15 6 0
couple-home/backend/internal/service/bill_service.go:67.15,70.3 2 0
couple-home/backend/internal/service/bill_service.go:72.2,79.8 1 0
couple-home/backend/internal/service/bill_service.go:82.109,84.16 2 0
couple-home/backend/internal/service/bill_service.go:84.16,86.3 1 0
couple-home/backend/internal/service/bill_service.go:88.2,89.26 2 0
couple-home/backend/internal/service/bill_service.go:89.26,91.3 1 0
couple-home/backend/internal/service/bill_service.go:92.2,92.20 1 0
couple-home/backend/internal/service/bill_service.go:96.109,98.2 1 0
couple-home/backend/internal/service/chore_service.go:30.70,32.2 1 0
couple-home/backend/internal/service/chore_service.go:35.165,37.2 1 0
couple-home/backend/internal/service/chore_service.go:40.92,42.16 2 0
couple-home/backend/internal/service/chore_service.go:42.16,44.3 1 0
couple-home/backend/internal/service/chore_service.go:45.2,45.19 1 0
couple-home/backend/internal/service/chore_service.go:49.84,51.35 1 0
couple-home/backend/internal/service/chore_service.go:51.35,53.3 1 0
couple-home/backend/internal/service/chore_service.go:56.2,56.23 1 0
couple-home/backend/internal/service/chore_service.go:56.23,58.3 1 0
couple-home/backend/internal/service/chore_service.go:61.2,61.24 1 0
couple-home/backend/internal/service/chore_service.go:61.24,63.3 1 0
couple-home/backend/internal/service/chore_service.go:64.2,64.26 1 0
couple-home/backend/internal/service/chore_service.go:64.26,66.3 1 0
couple-home/backend/internal/service/chore_service.go:68.2,69.39 2 0
couple-home/backend/internal/service/chore_service.go:73.116,75.75 1 0
couple-home/backend/internal/service/chore_service.go:75.75,77.3 1 0
couple-home/backend/internal/service/chore_service.go:80.2,81.16 2 0
couple-home/backend/internal/service/chore_service.go:81.16,83.3 1 0
couple-home/backend/internal/service/chore_service.go:86.2,86.47 1 0
couple-home/backend/internal/service/chore_service.go:86.47,88.3 1 0
couple-home/backend/internal/service/chore_service.go:91.2,91.61 1 0
couple-home/backend/internal/service/chore_service.go:91.61,93.3 1 0
couple-home/backend/internal/service/chore_service.go:96.2,97.16 2 0
couple-home/backend/internal/service/chore_service.go:97.16,99.3 1 0
couple-home/backend/internal/service/chore_service.go:101.2,101.19 1 0
couple-home/backend/internal/service/chore_service.go:105.154,108.16 2 0
couple-home/backend/internal/service/chore_service.go:108.16,110.3 1 0
couple-home/backend/internal/service/chore_service.go:113.2,113.49 1 0
couple-home/backend/internal/service/chore_service.go:113.49,115.3 1 0
couple-home/backend/internal/service/chore_service.go:118.2,118.32 1 0
couple-home/backend/internal/service/chore_service.go:118.32,120.3 1 0
couple-home/backend/internal/service/chore_service.go:123.2,127.92 3 0
couple-home/backend/internal/service/chore_service.go:127.92,129.3 1 0
couple-home/backend/internal/service/chore_service.go:132.2,132.113 1 0
couple-home/backend/internal/service/chore_service.go:132.113,134.3 1 0
couple-home/backend/internal/service/chore_service.go:137.2,138.16 2 0
couple-home/backend/internal/service/chore_service.go:138.16,140.3 1 0
couple-home/backend/internal/service/chore_service.go:142.2,142.19 1 0
couple-home/backend/internal/service/chore_service.go:151.92,157.19 3 0
couple-home/backend/internal/service/chore_service.go:157.19,160.3 1 0
couple-home/backend/internal/service/chore_service.go:160.8,160.29 1 0
couple-home/backend/internal/service/chore_service.go:160.29,163.3 1 0
couple-home/backend/internal/service/chore_service.go:163.8,166.3 1 0
couple-home/backend/internal/service/chore_service.go:169.2,169.16 1 0
couple-home/backend/internal/service/chore_service.go:169.16,171.3 1 0
couple-home/backend/internal/service/chore_service.go:173.2,173.15 1 0
couple-home/backend/internal/service/chore_service.go:177.144,180.16 2 0
couple-home/backend/internal/service/chore_service.go:180.16,185.60 2 0
couple-home/backend/internal/service/chore_service.go:185.60,187.4 1 0
couple-home/backend/internal/service/chore_service.go:191.2,197.19 5 0
couple-home/backend/internal/service/chore_service.go:197.19,199.3 1 0
couple-home/backend/internal/service/chore_service.go:199.8,199.29 1 0
couple-home/backend/internal/service/chore_service.go:199.29,201.3 1 0
couple-home/backend/internal/service/chore_service.go:201.8,203.3 1 0
couple-home/backend/internal/service/chore_service.go:206.2,207.24 2 0
couple-home/backend/internal/service/chore_service.go:207.24,209.3 1 0
couple-home/backend/internal/service/chore_service.go:212.2,213.16 2 0
couple-home/backend/internal/service/chore_service.go:213.16,216.3 2 0
couple-home/backend/internal/service/chore_service.go:218.2,218.43 1 0
couple-home/backend/internal/service/chore_service.go:222.96,224.16 2 0
couple-home/backend/internal/service/chore_service.go:224.16,229.3 1 0
couple-home/backend/internal/service/chore_service.go:230.2,230.19 1 0
couple-home/backend/internal/service/chore_service.go:234.108,238.12 3 0
couple-home/backend/internal/service/chore_service.go:238.12,240.3 1 0
couple-home/backend/internal/service/chore_service.go:240.8,242.3 1 0
couple-home/backend/internal/service/chore_service.go:244.2,244.16 1 0
couple-home/backend/internal/service/chore_service.go:244.16,246.3 1 0
couple-home/backend/internal/service/chore_service.go:249.2,250.29 2 0
couple-home/backend/internal/service/chore_service.go:250.29,257.3 1 0
couple-home/backend/internal/service/chore_service.go:259.2,259.21 1 0
couple-home/backend/internal/service/chore_service.go:263.86,265.2 1 0
couple-home/backend/internal/service/chore_service.go:268.76,271.16 2 0
couple-home/backend/internal/service/chore_service.go:271.16,273.3 1 0
couple-home/backend/internal/service/chore_service.go:275.2,275.22 1 0
couple-home/backend/internal/service/chore_service.go:275.22,277.3 1 0
couple-home/backend/internal/service/chore_service.go:280.2,281.31 2 0
couple-home/backend/internal/service/chore_service.go:281.31,283.3 1 0
couple-home/backend/internal/service/chore_service.go:286.2,286.55 1 0
couple-home/backend/internal/service/chore_service.go:286.55,288.3 1 0
couple-home/backend/internal/service/chore_service.go:290.2,290.25 1 0
couple-home/backend/internal/service/chore_service.go:294.150,297.37 2 0
couple-home/backend/internal/service/chore_service.go:297.37,300.24 2 0
couple-home/backend/internal/service/chore_service.go:301.30,303.27 1 0
couple-home/backend/internal/service/chore_service.go:303.27,307.5 3 0
couple-home/backend/internal/service/chore_service.go:308.31,312.35 3 0
couple-home/backend/internal/service/chore_service.go:313.32,317.35 3 0
couple-home/backend/internal/service/chore_service.go:322.2,322.24 1 0
couple-home/backend/internal/service/chore_service.go:322.24,323.61 1 0
couple-home/backend/internal/service/chore_service.go:323.61,325.4 1 0
couple-home/backend/internal/service/chore_service.go:328.2,328.20 1 0
couple-home/backend/internal/service/chore_service.go:332.104,345.2 1 0
couple-home/backend/internal/service/chore_service.go:348.111,350.2 1 0
couple-home/backend/internal/service/chore_service.go:353.103,354.38 1 0
couple-home/backend/internal/service/chore_service.go:354.38,356.3 1 0
couple-home/backend/internal/service/chore_service.go:358.2,359.50 2 0
couple-home/backend/internal/service/chore_service.go:363.103,365.2 1 0
couple-home/backend/internal/service/chore_service.go:368.82,370.2 1 0
couple-home/backend/internal/service/chore_service.go:373.56,378.2 1 0
couple-home/backend/internal/service/chore_service.go:381.68,383.2 1 0
couple-home/backend/internal/service/chore_service.go:386.89,389.16 2 0
couple-home/backend/internal/service/chore_service.go:389.16,391.3 1 0
couple-home/backend/internal/service/chore_service.go:393.2,394.16 2 0
couple-home/backend/internal/service/chore_service.go:394.16,396.3 1 0
couple-home/backend/internal/service/chore_service.go:399.2,399.94 1 0
couple-home/backend/internal/service/chore_service.go:399.94,401.3 1 0
couple-home/backend/internal/service/chore_service.go:404.2,409.56 4 0
couple-home/backend/internal/service/chore_service.go:409.56,411.3 1 0
couple-home/backend/internal/service/chore_service.go:413.2,413.40 1 0
couple-home/backend/internal/service/fridge_service.go:17.73,19.2 1 0
couple-home/backend/internal/service/fridge_service.go:21.87,23.2 1 0
couple-home/backend/internal/service/fridge_service.go:25.93,27.2 1 0
couple-home/backend/internal/service/fridge_service.go:29.85,33.2 3 0
couple-home/backend/internal/service/fridge_service.go:35.88,37.2 1 0
couple-home/backend/internal/service/fridge_service.go:39.74,41.2 1 0
couple-home/backend/internal/service/fridge_service.go:43.102,45.2 1 0
couple-home/backend/internal/service/fridge_service.go:47.111,49.2 1 0
couple-home/backend/internal/service/fridge_service.go:52.75,53.28 1 0
couple-home/backend/internal/service/fridge_service.go:53.28,55.3 1 0
couple-home/backend/internal/service/fridge_service.go:57.2,60.25 3 0
couple-home/backend/internal/service/fridge_service.go:60.25,62.3 1 0
couple-home/backend/internal/service/fridge_service.go:62.8,62.33 1 0
couple-home/backend/internal/service/fridge_service.go:62.33,64.3 1 0
couple-home/backend/internal/service/fridge_service.go:64.8,64.33 1 0
couple-home/backend/internal/service/fridge_service.go:64.33,66.3 1 0
couple-home/backend/internal/service/fridge_service.go:67.2,67.16 1 0
couple-home/backend/internal/service/fund_service.go:17.71,19.2 1 0
couple-home/backend/internal/service/fund_service.go:21.85,23.2 1 0
couple-home/backend/internal/service/fund_service.go:25.91,27.2 1 0
couple-home/backend/internal/service/fund_service.go:29.86,33.2 3 0
couple-home/backend/internal/service/fund_service.go:35.86,38.2 2 0
couple-home/backend/internal/service/fund_service.go:41.125,43.16 2 0
couple-home/backend/internal/service/fund_service.go:43.16,45.3 1 0
couple-home/backend/internal/service/fund_service.go:48.2,57.73 2 0
couple-home/backend/internal/service/fund_service.go:57.73,59.3 1 0
couple-home/backend/internal/service/fund_service.go:62.2,63.55 2 0
couple-home/backend/internal/service/fund_service.go:67.115,69.2 1 0
couple-home/backend/internal/service/fund_service.go:72.107,74.16 2 0
couple-home/backend/internal/service/fund_service.go:74.16,76.3 1 0
couple-home/backend/internal/service/fund_service.go:78.2,79.27 2 0
couple-home/backend/internal/service/fund_service.go:79.27,81.3 1 0
couple-home/backend/internal/service/fund_service.go:83.2,84.26 2 0
couple-home/backend/internal/service/fund_service.go:84.26,86.3 1 0
couple-home/backend/internal/service/fund_service.go:88.2,93.8 1 0
couple-home/backend/internal/service/meal_service.go:30.108,35.2 1 0
couple-home/backend/internal/service/meal_service.go:38.113,39.32 1 0
couple-home/backend/internal/service/meal_service.go:39.32,41.3 1 0
couple-home/backend/internal/service/meal_service.go:43.2,44.16 2 0
couple-home/backend/internal/service/meal_service.go:44.16,46.3 1 0
couple-home/backend/internal/service/meal_service.go:48.2,48.18 1 0
couple-home/backend/internal/service/meal_service.go:53.133,54.32 1 0
couple-home/backend/internal/service/meal_service.go:54.32,56.3 1 0
couple-home/backend/internal/service/meal_service.go:59.2,59.21 1 0
couple-home/backend/internal/service/meal_service.go:59.21,61.3 1 0
couple-home/backend/internal/service/meal_service.go:61.8,61.28 1 0
couple-home/backend/internal/service/meal_service.go:61.28,63.3 1 0
couple-home/backend/internal/service/meal_service.go:66.2,67.21 2 0
couple-home/backend/internal/service/meal_service.go:67.21,69.3 1 0
couple-home/backend/internal/service/meal_service.go:72.2,73.16 2 0
couple-home/backend/internal/service/meal_service.go:73.16,75.3 1 0
couple-home/backend/internal/service/meal_service.go:78.2,78.22 1 0
couple-home/backend/internal/service/meal_service.go:78.22,80.3 1 0
couple-home/backend/internal/service/meal_service.go:83.2,92.33 2 0
couple-home/backend/internal/service/meal_service.go:92.33,105.3 2 0
couple-home/backend/internal/service/meal_service.go:108.2,108.53 1 0
couple-home/backend/internal/service/meal_service.go:108.53,110.3 1 0
couple-home/backend/internal/service/meal_service.go:112.2,112.18 1 0
couple-home/backend/internal/service/meal_service.go:116.123,118.32 1 0
couple-home/backend/internal/service/meal_service.go:118.32,120.3 1 0
couple-home/backend/internal/service/meal_service.go:123.2,124.16 2 0
couple-home/backend/internal/service/meal_service.go:124.16,126.3 1 0
couple-home/backend/internal/service/meal_service.go:129.2,130.35 2 0
couple-home/backend/internal/service/meal_service.go:130.35,131.25 1 0
couple-home/backend/internal/service/meal_service.go:131.25,133.9 2 0
couple-home/backend/internal/service/meal_service.go:136.2,136.19 1 0
couple-home/backend/internal/service/meal_service.go:136.19,138.3 1 0
couple-home/backend/internal/service/meal_service.go:141.2,150.57 2 0
couple-home/backend/internal/service/meal_service.go:150.57,152.3 1 0
couple-home/backend/internal/service/meal_service.go:155.2,159.16 3 0
couple-home/backend/internal/service/meal_service.go:159.16,161.3 1 0
couple-home/backend/internal/service/meal_service.go:164.2,164.15 1 0
couple-home/backend/internal/service/meal_service.go:164.15,166.17 2 0
couple-home/backend/internal/service/meal_service.go:166.17,168.4 1 0
couple-home/backend/internal/service/meal_service.go:171.3,171.20 1 0
couple-home/backend/internal/service/meal_service.go:171.20,172.71 1 0
couple-home/backend/internal/service/meal_service.go:172.71,174.5 1 0
couple-home/backend/internal/service/meal_service.go:175.4,175.76 1 0
couple-home/backend/internal/service/meal_service.go:175.76,177.5 1 0
couple-home/backend/internal/service/meal_service.go:178.4,180.29 3 0
couple-home/backend/internal/service/meal_service.go:181.9,182.72 1 0
couple-home/backend/internal/service/meal_service.go:182.72,184.5 1 0
couple-home/backend/internal/service/meal_service.go:185.4,185.25 1 0
couple-home/backend/internal/service/meal_service.go:187.8,188.71 1 0
couple-home/backend/internal/service/meal_service.go:188.71,190.4 1 0
couple-home/backend/internal/service/meal_service.go:191.3,191.24 1 0
couple-home/backend/internal/service/meal_service.go:195.2,196.16 2 0
couple-home/backend/internal/service/meal_service.go:196.16,198.3 1 0
couple-home/backend/internal/service/meal_service.go:200.2,200.18 1 0
couple-home/backend/internal/service/meal_service.go:204.99,206.16 2 0
couple-home/backend/internal/service/meal_service.go:206.16,208.3 1 0
couple-home/backend/internal/service/meal_service.go:210.2,210.18 1 0
couple-home/backend/internal/service/meal_service.go:214.98,222.18 4 0
couple-home/backend/internal/service/meal_service.go:223.14,224.16 1 0
couple-home/backend/internal/service/meal_service.go:225.17,226.19 1 0
couple-home/backend/internal/service/meal_service.go:227.14,228.16 1 0
couple-home/backend/internal/service/meal_service.go:231.2,231.78 1 0
couple-home/backend/internal/service/meal_service.go:235.88,242.16 3 0
couple-home/backend/internal/service/meal_service.go:242.16,244.3 1 0
couple-home/backend/internal/service/meal_service.go:247.2,250.31 3 0
couple-home/backend/internal/service/meal_service.go:250.31,251.25 1 0
couple-home/backend/internal/service/meal_service.go:251.25,253.4 1 0
couple-home/backend/internal/service/meal_service.go:253.9,253.35 1 0
couple-home/backend/internal/service/meal_service.go:253.35,255.4 1 0
couple-home/backend/internal/service/meal_service.go:258.2,258.35 1 0
couple-home/backend/internal/service/meal_service.go:267.110,272.43 3 0
couple-home/backend/internal/service/meal_service.go:272.43,274.3 1 0
couple-home/backend/internal/service/meal_service.go:277.2,277.67 1 0
couple-home/backend/internal/service/meal_service.go:277.67,278.48 1 0
couple-home/backend/internal/service/meal_service.go:278.48,280.32 1 0
couple-home/backend/internal/service/meal_service.go:280.32,281.48 1 0
couple-home/backend/internal/service/meal_service.go:281.48,283.6 1 0
couple-home/backend/internal/service/meal_service.go:290.2,291.33 2 0
couple-home/backend/internal/service/meal_service.go:291.33,293.3 1 0
couple-home/backend/internal/service/meal_service.go:294.2,294.36 1 0
couple-home/backend/internal/service/meal_service.go:294.36,296.3 1 0
couple-home/backend/internal/service/meal_service.go:300.2,306.30 3 0
couple-home/backend/internal/service/meal_service.go:306.30,310.28 2 0
couple-home/backend/internal/service/meal_service.go:310.28,311.12 1 0
couple-home/backend/internal/service/meal_service.go:314.3,317.34 2 0
couple-home/backend/internal/service/meal_service.go:317.34,318.35 1 0
couple-home/backend/internal/service/meal_service.go:318.35,320.5 1 0
couple-home/backend/internal/service/meal_service.go:321.9,321.44 1 0
couple-home/backend/internal/service/meal_service.go:321.44,323.4 1 0
couple-home/backend/internal/service/meal_service.go:326.3,326.37 1 0
couple-home/backend/internal/service/meal_service.go:326.37,327.38 1 0
couple-home/backend/internal/service/meal_service.go:327.38,329.5 1 0
couple-home/backend/internal/service/meal_service.go:330.9,330.47 1 0
couple-home/backend/internal/service/meal_service.go:330.47,332.4 1 0
couple-home/backend/internal/service/meal_service.go:334.3,334.67 1 0
couple-home/backend/internal/service/meal_service.go:338.2,338.22 1 0
couple-home/backend/internal/service/meal_service.go:338.22,340.3 1 0
couple-home/backend/internal/service/meal_service.go:343.2,344.31 2 0
couple-home/backend/internal/service/meal_service.go:344.31,345.32 1 0
couple-home/backend/internal/service/meal_service.go:345.32,347.4 1 0
couple-home/backend/internal/service/meal_service.go:351.2,351.26 1 0
couple-home/backend/internal/service/meal_service.go:351.26,353.3 1 0
couple-home/backend/internal/service/meal_service.go:355.2,355.30 1 0
couple-home/backend/internal/service/meal_service.go:359.44,361.2 1 0
couple-home/backend/internal/service/meal_service.go:364.44,366.2 1 0
couple-home/backend/internal/service/meal_service.go:369.50,370.19 1 0
couple-home/backend/internal/service/meal_service.go:370.19,372.3 1 0
couple-home/backend/internal/service/meal_service.go:373.2,375.13 3 0
couple-home/backend/internal/service/recipe_service.go:20.73,22.2 1 0
couple-home/backend/internal/service/recipe_service.go:24.85,26.2 1 0
couple-home/backend/internal/service/recipe_service.go:28.91,30.2 1 0
couple-home/backend/internal/service/recipe_service.go:32.99,34.2 1 0
couple-home/backend/internal/service/recipe_service.go:36.88,39.2 2 0
couple-home/backend/internal/service/recipe_service.go:41.88,43.2 1 0
couple-home/backend/internal/service/recipe_service.go:45.76,47.2 1 0
couple-home/backend/internal/service/recipe_service.go:51.157,53.16 2 0
couple-home/backend/internal/service/recipe_service.go:53.16,55.3 1 0
couple-home/backend/internal/service/recipe_service.go:58.2,59.35 2 0
couple-home/backend/internal/service/recipe_service.go:59.35,61.3 1 0
couple-home/backend/internal/service/recipe_service.go:64.2,75.36 6 0
couple-home/backend/internal/service/recipe_service.go:75.36,77.16 2 0
couple-home/backend/internal/service/recipe_service.go:77.16,79.4 1 0
couple-home/backend/internal/service/recipe_service.go:83.2,83.37 1 0
couple-home/backend/internal/service/recipe_service.go:83.37,84.40 1 0
couple-home/backend/internal/service/recipe_service.go:84.40,85.41 1 0
couple-home/backend/internal/service/recipe_service.go:85.41,87.5 1 0
couple-home/backend/internal/service/recipe_service.go:92.2,93.28 2 0
couple-home/backend/internal/service/recipe_service.go:93.28,95.3 1 0
couple-home/backend/internal/service/recipe_service.go:97.2,97.20 1 0
couple-home/backend/internal/service/recipe_service.go:100.175,120.2 10 0
couple-home/backend/internal/service/recipe_service.go:122.112,128.33 3 0
couple-home/backend/internal/service/recipe_service.go:128.33,129.36 1 0
couple-home/backend/internal/service/recipe_service.go:129.36,130.35 1 0
couple-home/backend/internal/service/recipe_service.go:130.35,132.5 1 0
couple-home/backend/internal/service/recipe_service.go:135.3,135.36 1 0
couple-home/backend/internal/service/recipe_service.go:135.36,136.35 1 0
couple-home/backend/internal/service/recipe_service.go:136.35,138.5 1 0
couple-home/backend/internal/service/recipe_service.go:142.2,142.40 1 0
couple-home/backend/internal/service/recipe_service.go:145.105,146.34 1 0
couple-home/backend/internal/service/recipe_service.go:146.34,148.3 1 0
couple-home/backend/internal/service/recipe_service.go:150.2,151.41 2 0
couple-home/backend/internal/service/recipe_service.go:151.41,152.89 1 0
couple-home/backend/internal/service/recipe_service.go:152.89,154.4 1 0
couple-home/backend/internal/service/recipe_service.go:157.2,157.63 1 0
couple-home/backend/internal/service/recipe_service.go:160.105,164.2 1 0
couple-home/backend/internal/service/recipe_service.go:167.99,168.30 1 0
couple-home/backend/internal/service/recipe_service.go:168.30,170.3 1 0
couple-home/backend/internal/service/recipe_service.go:172.2,181.53 2 0
couple-home/backend/internal/service/recipe_service.go:181.53,183.3 1 0
couple-home/backend/internal/service/recipe_service.go:186.2,187.16 2 0
couple-home/backend/internal/service/recipe_service.go:187.16,189.3 1 0
couple-home/backend/internal/service/recipe_service.go:191.2,192.26 2 0
couple-home/backend/internal/service/recipe_service.go:192.26,194.3 1 0
couple-home/backend/internal/service/recipe_service.go:195.2,197.66 2 0
couple-home/backend/internal/service/schedule_service.go:30.79,32.2 1 1
couple-home/backend/internal/service/schedule_service.go:35.185,37.2 1 0
couple-home/backend/internal/service/schedule_service.go:40.101,42.16 2 1
couple-home/backend/internal/service/schedule_service.go:42.16,44.3 1 1
couple-home/backend/internal/service/schedule_service.go:45.2,45.22 1 1
couple-home/backend/internal/service/schedule_service.go:49.96,51.41 1 1
couple-home/backend/internal/service/schedule_service.go:51.41,53.3 1 1
couple-home/backend/internal/service/schedule_service.go:56.2,56.27 1 1
couple-home/backend/internal/service/schedule_service.go:56.27,58.3 1 1
couple-home/backend/internal/service/schedule_service.go:58.8,58.52 1 1
couple-home/backend/internal/service/schedule_service.go:58.52,60.3 1 0
couple-home/backend/internal/service/schedule_service.go:63.2,63.29 1 1
couple-home/backend/internal/service/schedule_service.go:63.29,65.3 1 1
couple-home/backend/internal/service/schedule_service.go:65.8,65.52 1 1
couple-home/backend/internal/service/schedule_service.go:65.52,67.3 1 1
couple-home/backend/internal/service/schedule_service.go:70.2,70.95 1 1
couple-home/backend/internal/service/schedule_service.go:70.95,72.3 1 1
couple-home/backend/internal/service/schedule_service.go:75.2,78.33 2 1
couple-home/backend/internal/service/schedule_service.go:78.33,80.3 1 1
couple-home/backend/internal/service/schedule_service.go:82.2,82.45 1 1
couple-home/backend/internal/service/schedule_service.go:86.96,89.16 2 1
couple-home/backend/internal/service/schedule_service.go:89.16,91.3 1 0
couple-home/backend/internal/service/schedule_service.go:94.2,94.41 1 1
couple-home/backend/internal/service/schedule_service.go:94.41,96.3 1 0
couple-home/backend/internal/service/schedule_service.go:99.2,99.45 1 1
couple-home/backend/internal/service/schedule_service.go:99.45,101.3 1 0
couple-home/backend/internal/service/schedule_service.go:104.2,104.45 1 1
couple-home/backend/internal/service/schedule_service.go:104.45,106.3 1 0
couple-home/backend/internal/service/schedule_service.go:109.2,109.95 1 1
couple-home/backend/internal/service/schedule_service.go:109.95,111.3 1 0
couple-home/backend/internal/service/schedule_service.go:113.2,113.45 1 1
couple-home/backend/internal/service/schedule_service.go:117.80,120.16 2 1
couple-home/backend/internal/service/schedule_service.go:120.16,122.3 1 0
couple-home/backend/internal/service/schedule_service.go:124.2,124.39 1 1
couple-home/backend/internal/service/schedule_service.go:128.106,129.15 1 1
couple-home/backend/internal/service/schedule_service.go:129.15,131.3 1 0
couple-home/backend/internal/service/schedule_service.go:132.2,132.47 1 1
couple-home/backend/internal/service/schedule_service.go:136.110,138.2 1 0
couple-home/backend/internal/service/schedule_service.go:141.116,143.36 1 1
couple-home/backend/internal/service/schedule_service.go:143.36,145.3 1 0
couple-home/backend/internal/service/schedule_service.go:148.2,149.16 2 1
couple-home/backend/internal/service/schedule_service.go:149.16,151.3 1 0
couple-home/backend/internal/service/schedule_service.go:153.2,153.53 1 1
couple-home/backend/internal/service/schedule_service.go:157.121,159.2 1 0
couple-home/backend/internal/service/schedule_service.go:162.65,168.2 1 1
couple-home/backend/internal/service/schedule_service.go:171.63,175.2 1 1
couple-home/backend/internal/service/schedule_service.go:178.61,183.2 1 1
couple-home/backend/internal/service/schedule_service.go:186.66,187.27 1 0
couple-home/backend/internal/service/schedule_service.go:187.27,189.3 1 0
couple-home/backend/internal/service/schedule_service.go:191.2,193.16 3 0
couple-home/backend/internal/service/schedule_service.go:193.16,196.3 1 0
couple-home/backend/internal/service/schedule_service.go:197.2,197.26 1 0
couple-home/backend/internal/service/schedule_service.go:201.64,203.16 2 0
couple-home/backend/internal/service/schedule_service.go:203.16,205.3 1 0
couple-home/backend/internal/service/schedule_service.go:206.2,206.26 1 0
couple-home/backend/internal/repository/anniversary_repository.go:17.67,19.2 1 1
couple-home/backend/internal/repository/anniversary_repository.go:23.142,27.28 3 1
couple-home/backend/internal/repository/anniversary_repository.go:27.28,29.3 1 1
couple-home/backend/internal/repository/anniversary_repository.go:31.2,32.27 2 1
couple-home/backend/internal/repository/anniversary_repository.go:36.113,39.16 3 1
couple-home/backend/internal/repository/anniversary_repository.go:39.16,41.3 1 1
couple-home/backend/internal/repository/anniversary_repository.go:42.2,42.26 1 1
couple-home/backend/internal/repository/anniversary_repository.go:46.111,48.2 1 1
couple-home/backend/internal/repository/anniversary_repository.go:51.111,53.2 1 1
couple-home/backend/internal/repository/anniversary_repository.go:56.89,58.2 1 1
couple-home/backend/internal/repository/anniversary_repository.go:62.119,72.16 4 1
couple-home/backend/internal/repository/anniversary_repository.go:72.16,74.3 1 0
couple-home/backend/internal/repository/anniversary_repository.go:77.2,78.36 2 1
couple-home/backend/internal/repository/anniversary_repository.go:78.36,82.42 3 1
couple-home/backend/internal/repository/anniversary_repository.go:82.42,84.4 1 1
couple-home/backend/internal/repository/anniversary_repository.go:87.2,87.22 1 1
couple-home/backend/internal/repository/anniversary_repository.go:91.93,95.26 2 1
couple-home/backend/internal/repository/anniversary_repository.go:95.26,97.3 1 1
couple-home/backend/internal/repository/anniversary_repository.go:99.2,99.17 1 1
couple-home/backend/internal/repository/anniversary_repository.go:103.147,110.2 3 0
couple-home/backend/internal/repository/anniversary_repository.go:113.113,120.2 3 1
couple-home/backend/internal/repository/anniversary_repository.go:123.50,125.2 1 0
couple-home/backend/internal/repository/bill_repository.go:16.53,18.2 1 0
couple-home/backend/internal/repository/bill_repository.go:20.77,24.2 3 0
couple-home/backend/internal/repository/bill_repository.go:26.88,29.16 3 0
couple-home/backend/internal/repository/bill_repository.go:29.16,31.3 1 0
couple-home/backend/internal/repository/bill_repository.go:32.2,32.19 1 0
couple-home/backend/internal/repository/bill_repository.go:35.79,37.2 1 0
couple-home/backend/internal/repository/bill_repository.go:39.79,41.2 1 0
couple-home/backend/internal/repository/bill_repository.go:43.71,45.2 1 0
couple-home/backend/internal/repository/bill_repository.go:47.107,54.2 3 0
couple-home/backend/internal/repository/bill_repository.go:56.95,60.2 3 0
couple-home/backend/internal/repository/bill_repository.go:62.84,68.16 4 0
couple-home/backend/internal/repository/bill_repository.go:68.16,70.3 1 0
couple-home/backend/internal/repository/bill_repository.go:71.2,85.19 10 0
couple-home/backend/internal/repository/bill_repository.go:88.108,99.16 6 0
couple-home/backend/internal/repository/bill_repository.go:99.16,101.3 1 0
couple-home/backend/internal/repository/bill_repository.go:102.2,104.19 2 0
couple-home/backend/internal/repository/chore_repository.go:17.55,19.2 1 0
couple-home/backend/internal/repository/chore_repository.go:23.168,27.19 3 0
couple-home/backend/internal/repository/chore_repository.go:27.19,29.3 1 0
couple-home/backend/internal/repository/chore_repository.go:30.2,30.21 1 0
couple-home/backend/internal/repository/chore_repository.go:30.21,32.3 1 0
couple-home/backend/internal/repository/chore_repository.go:33.2,33.22 1 0
couple-home/backend/internal/repository/chore_repository.go:33.22,35.3 1 0
couple-home/backend/internal/repository/chore_repository.go:36.2,36.20 1 0
couple-home/backend/internal/repository/chore_repository.go:36.20,38.3 1 0
couple-home/backend/internal/repository/chore_repository.go:40.2,41.20 2 0
couple-home/backend/internal/repository/chore_repository.go:45.95,48.16 3 0
couple-home/backend/internal/repository/chore_repository.go:48.16,50.3 1 0
couple-home/backend/internal/repository/chore_repository.go:51.2,51.20 1 0
couple-home/backend/internal/repository/chore_repository.go:55.87,57.2 1 0
couple-home/backend/internal/repository/chore_repository.go:60.87,62.2 1 0
couple-home/backend/internal/repository/chore_repository.go:66.102,77.2 2 0
couple-home/backend/internal/repository/chore_repository.go:81.155,93.2 1 0
couple-home/backend/internal/repository/chore_repository.go:96.99,99.16 3 0
couple-home/backend/internal/repository/chore_repository.go:99.16,101.3 1 0
couple-home/backend/internal/repository/chore_repository.go:102.2,102.20 1 0
couple-home/backend/internal/repository/chore_repository.go:106.95,108.2 1 0
couple-home/backend/internal/repository/chore_repository.go:111.95,113.2 1 0
couple-home/backend/internal/repository/chore_repository.go:117.102,124.2 3 0
couple-home/backend/internal/repository/chore_repository.go:128.108,135.2 3 0
couple-home/backend/internal/repository/chore_repository.go:138.115,145.2 3 0
couple-home/backend/internal/repository/chore_repository.go:148.118,155.2 3 0
couple-home/backend/internal/repository/chore_repository.go:158.89,165.2 3 0
couple-home/backend/internal/repository/chore_repository.go:168.82,169.19 1 0
couple-home/backend/internal/repository/chore_repository.go:169.19,171.3 1 0
couple-home/backend/internal/repository/chore_repository.go:172.2,175.52 1 0
couple-home/backend/internal/repository/chore_repository.go:179.114,182.21 3 0
couple-home/backend/internal/repository/chore_repository.go:182.21,184.3 1 0
couple-home/backend/internal/repository/chore_repository.go:185.2,186.23 2 0
couple-home/backend/internal/repository/chore_repository.go:190.111,193.16 3 0
couple-home/backend/internal/repository/chore_repository.go:193.16,195.3 1 0
couple-home/backend/internal/repository/chore_repository.go:196.2,196.23 1 0
couple-home/backend/internal/repository/chore_repository.go:200.106,202.2 1 0
couple-home/backend/internal/repository/chore_repository.go:205.106,207.2 1 0
couple-home/backend/internal/repository/chore_repository.go:210.85,212.2 1 0
couple-home/backend/internal/repository/chore_repository.go:215.106,222.2 3 0
couple-home/backend/internal/repository/chore_repository.go:226.127,233.16 3 0
couple-home/backend/internal/repository/chore_repository.go:233.16,235.3 1 0
couple-home/backend/internal/repository/chore_repository.go:237.2,237.22 1 0
couple-home/backend/internal/repository/chore_repository.go:237.22,239.3 1 0
couple-home/backend/internal/repository/chore_repository.go:242.2,246.35 4 0
couple-home/backend/internal/repository/chore_repository.go:246.35,247.69 1 0
couple-home/backend/internal/repository/chore_repository.go:247.69,248.12 1 0
couple-home/backend/internal/repository/chore_repository.go:252.3,254.18 2 0
couple-home/backend/internal/repository/chore_repository.go:254.18,256.34 2 0
couple-home/backend/internal/repository/chore_repository.go:256.34,258.5 1 0
couple-home/backend/internal/repository/chore_repository.go:259.9,261.29 1 0
couple-home/backend/internal/repository/chore_repository.go:261.29,263.5 1 0
couple-home/backend/internal/repository/chore_repository.go:264.4,264.18 1 0
couple-home/backend/internal/repository/chore_repository.go:269.2,269.53 1 0
couple-home/backend/internal/repository/chore_repository.go:269.53,271.18 2 0
couple-home/backend/internal/repository/chore_repository.go:271.18,273.4 1 0
couple-home/backend/internal/repository/chore_repository.go:273.9,275.4 1 0
couple-home/backend/internal/repository/chore_repository.go:278.2,278.42 1 0
couple-home/backend/internal/repository/chore_repository.go:282.72,286.2 1 0
couple-home/backend/internal/repository/chore_repository.go:289.97,295.2 1 0
couple-home/backend/internal/repository/chore_repository.go:298.44,300.2 1 0
couple-home/backend/internal/repository/fridge_repository.go:16.57,18.2 1 0
couple-home/backend/internal/repository/fridge_repository.go:20.85,24.2 3 0
couple-home/backend/internal/repository/fridge_repository.go:26.96,29.16 3 0
couple-home/backend/internal/repository/fridge_repository.go:29.16,31.3 1 0
couple-home/backend/internal/repository/fridge_repository.go:32.2,32.19 1 0
couple-home/backend/internal/repository/fridge_repository.go:35.87,37.2 1 0
couple-home/backend/internal/repository/fridge_repository.go:39.87,41.2 1 0
couple-home/backend/internal/repository/fridge_repository.go:43.73,45.2 1 0
couple-home/backend/internal/repository/fridge_repository.go:47.100,55.2 4 0
couple-home/backend/internal/repository/fridge_repository.go:57.109,61.2 3 0
couple-home/backend/internal/repository/fund_repository.go:15.53,17.2 1 0
couple-home/backend/internal/repository/fund_repository.go:19.83,23.2 3 0
couple-home/backend/internal/repository/fund_repository.go:25.94,28.16 3 0
couple-home/backend/internal/repository/fund_repository.go:28.16,30.3 1 0
couple-home/backend/internal/repository/fund_repository.go:31.2,31.19 1 0
couple-home/backend/internal/repository/fund_repository.go:34.85,36.2 1 0
couple-home/backend/internal/repository/fund_repository.go:38.85,40.2 1 0
couple-home/backend/internal/repository/fund_repository.go:42.93,47.2 1 0
couple-home/backend/internal/repository/fund_repository.go:49.111,51.2 1 0
couple-home/backend/internal/repository/fund_repository.go:53.114,57.2 3 0
couple-home/backend/internal/repository/meal_repository.go:16.53,18.2 1 0
couple-home/backend/internal/repository/meal_repository.go:22.116,32.16 3 0
couple-home/backend/internal/repository/meal_repository.go:32.16,34.3 1 0
couple-home/backend/internal/repository/meal_repository.go:36.2,36.19 1 0
couple-home/backend/internal/repository/meal_repository.go:41.87,43.2 1 0
couple-home/backend/internal/repository/meal_repository.go:47.91,54.16 3 0
couple-home/backend/internal/repository/meal_repository.go:54.16,59.3 3 0
couple-home/backend/internal/repository/meal_repository.go:62.2,62.53 1 0
couple-home/backend/internal/repository/meal_repository.go:67.102,76.16 3 0
couple-home/backend/internal/repository/meal_repository.go:76.16,78.3 1 0
couple-home/backend/internal/repository/meal_repository.go:80.2,80.19 1 0
couple-home/backend/internal/repository/meal_repository.go:84.100,90.16 3 0
couple-home/backend/internal/repository/meal_repository.go:90.16,92.3 1 0
couple-home/backend/internal/repository/meal_repository.go:94.2,94.19 1 0
couple-home/backend/internal/repository/meal_repository.go:98.100,103.2 1 0
couple-home/backend/internal/repository/meal_repository.go:106.99,111.2 1 0
couple-home/backend/internal/repository/meal_repository.go:114.129,124.2 1 0
couple-home/backend/internal/repository/meal_repository.go:127.104,137.2 3 0
couple-home/backend/internal/repository/meal_repository.go:140.99,144.2 1 0
couple-home/backend/internal/repository/meal_repository.go:147.43,149.2 1 0
couple-home/backend/internal/repository/recipe_repository.go:18.57,20.2 1 0
couple-home/backend/internal/repository/recipe_repository.go:22.81,26.2 3 0
couple-home/backend/internal/repository/recipe_repository.go:28.92,31.16 3 0
couple-home/backend/internal/repository/recipe_repository.go:31.16,33.3 1 0
couple-home/backend/internal/repository/recipe_repository.go:34.2,34.21 1 0
couple-home/backend/internal/repository/recipe_repository.go:37.95,41.2 3 0
couple-home/backend/internal/repository/recipe_repository.go:43.85,45.2 1 0
couple-home/backend/internal/repository/recipe_repository.go:47.85,49.2 1 0
couple-home/backend/internal/repository/recipe_repository.go:51.73,53.2 1 0
couple-home/backend/internal/repository/recipe_repository.go:55.99,62.2 3 0
couple-home/backend/internal/repository/recipe_repository.go:64.119,73.2 1 0
couple-home/backend/internal/repository/recipe_repository.go:75.110,79.2 3 0
couple-home/backend/internal/repository/recipe_repository.go:81.91,85.16 3 0
couple-home/backend/internal/repository/recipe_repository.go:85.16,89.3 2 0
couple-home/backend/internal/repository/recipe_repository.go:91.2,91.49 1 0
couple-home/backend/internal/repository/recipe_repository.go:94.68,95.19 1 0
couple-home/backend/internal/repository/recipe_repository.go:95.19,97.3 1 0
couple-home/backend/internal/repository/recipe_repository.go:98.2,100.13 3 0
couple-home/backend/internal/repository/schedule_repository.go:17.61,19.2 1 1
couple-home/backend/internal/repository/schedule_repository.go:23.188,27.19 3 1
couple-home/backend/internal/repository/schedule_repository.go:27.19,29.3 1 1
couple-home/backend/internal/repository/schedule_repository.go:30.2,30.25 1 1
couple-home/backend/internal/repository/schedule_repository.go:30.25,32.3 1 1
couple-home/backend/internal/repository/schedule_repository.go:33.2,33.22 1 1
couple-home/backend/internal/repository/schedule_repository.go:33.22,35.3 1 0
couple-home/backend/internal/repository/schedule_repository.go:36.2,36.20 1 1
couple-home/backend/internal/repository/schedule_repository.go:36.20,38.3 1 0
couple-home/backend/internal/repository/schedule_repository.go:40.2,41.23 2 1
couple-home/backend/internal/repository/schedule_repository.go:45.104,48.16 3 1
couple-home/backend/internal/repository/schedule_repository.go:48.16,50.3 1 1
couple-home/backend/internal/repository/schedule_repository.go:51.2,51.23 1 1
couple-home/backend/internal/repository/schedule_repository.go:55.99,57.2 1 1
couple-home/backend/internal/repository/schedule_repository.go:60.99,62.2 1 1
couple-home/backend/internal/repository/schedule_repository.go:65.83,67.2 1 1
couple-home/backend/internal/repository/schedule_repository.go:71.109,81.2 5 1
couple-home/backend/internal/repository/schedule_repository.go:84.113,94.2 5 0
couple-home/backend/internal/repository/schedule_repository.go:97.124,105.2 3 0
couple-home/backend/internal/repository/schedule_repository.go:108.131,115.2 3 0
couple-home/backend/internal/repository/schedule_repository.go:118.124,125.2 3 0
couple-home/backend/internal/repository/schedule_repository.go:128.119,133.2 1 1
couple-home/backend/internal/repository/schedule_repository.go:136.47,138.2 1 0
